#-----------------------------------------------------------
# Webtalk v2018.1 (64-bit)
# SW Build 2188600 on Wed Apr  4 18:40:38 MDT 2018
# 
# Start of session at: Mon Jun 11 17:27:41 2018
# Process ID: 12308
# Current directory: D:/Smartgit/RTS-/TestProject/project_6/project_6.sdk/webtalk
# Command line: wbtcv.exe -mode batch -source sdk_webtalk.tcl
# Log file: D:/Smartgit/RTS-/TestProject/project_6/project_6.sdk/webtalk/webtalk.log
# Journal file: D:/Smartgit/RTS-/TestProject/project_6/project_6.sdk/webtalk\webtalk.jou
#-----------------------------------------------------------
source sdk_webtalk.tcl
# webtalk_init -webtalk_dir D:\\Smartgit\\RTS-\\TestProject\\project_6\\project_6.sdk\\webtalk
# webtalk_register_client -client project
# webtalk_add_data -client project -key date_generated -value "2018-06-11 17:27:39" -context "software_version_and_target_device"
# webtalk_add_data -client project -key product_version -value "SDK v2018.1" -context "software_version_and_target_device"
# webtalk_add_data -client project -key build_version -value "2018.1" -context "software_version_and_target_device"
# webtalk_add_data -client project -key os_platform -value "amd64" -context "software_version_and_target_device"
# webtalk_add_data -client project -key registration_id -value "210779069_174157381_210671457_369" -context "software_version_and_target_device"
# webtalk_add_data -client project -key tool_flow -value "SDK" -context "software_version_and_target_device"
# webtalk_add_data -client project -key beta -value "false" -context "software_version_and_target_device"
# webtalk_add_data -client project -key route_design -value "NA" -context "software_version_and_target_device"
# webtalk_add_data -client project -key target_family -value "NA" -context "software_version_and_target_device"
# webtalk_add_data -client project -key target_device -value "NA" -context "software_version_and_target_device"
# webtalk_add_data -client project -key target_package -value "NA" -context "software_version_and_target_device"
# webtalk_add_data -client project -key target_speed -value "NA" -context "software_version_and_target_device"
# webtalk_add_data -client project -key random_id -value "dqhu9vpg13rk20ndt3neon1tdo" -context "software_version_and_target_device"
# webtalk_add_data -client project -key project_id -value "2018.1_6" -context "software_version_and_target_device"
# webtalk_add_data -client project -key project_iteration -value "6" -context "software_version_and_target_device"
# webtalk_add_data -client project -key os_name -value "Microsoft Windows 8 or later , 64-bit" -context "user_environment"
# webtalk_add_data -client project -key os_release -value "major release  (build 9200)" -context "user_environment"
# webtalk_add_data -client project -key cpu_name -value "Intel(R) Core(TM) i5-6500 CPU @ 3.20GHz" -context "user_environment"
# webtalk_add_data -client project -key cpu_speed -value "3192 MHz" -context "user_environment"
# webtalk_add_data -client project -key total_processors -value "1" -context "user_environment"
# webtalk_add_data -client project -key system_ram -value "17.094 GB" -context "user_environment"
# webtalk_register_client -client sdk
# webtalk_add_data -client sdk -key uid -value "1528647771353" -context "sdk\\\\hardware/1528647771353"
# webtalk_add_data -client sdk -key isZynq -value "true" -context "sdk\\\\hardware/1528647771353"
# webtalk_add_data -client sdk -key isZynqMP -value "false" -context "sdk\\\\hardware/1528647771353"
# webtalk_add_data -client sdk -key Processors -value "2" -context "sdk\\\\hardware/1528647771353"
# webtalk_add_data -client sdk -key VivadoVersion -value "2018.1" -context "sdk\\\\hardware/1528647771353"
# webtalk_add_data -client sdk -key Arch -value "zynq" -context "sdk\\\\hardware/1528647771353"
# webtalk_add_data -client sdk -key Device -value "7z010" -context "sdk\\\\hardware/1528647771353"
# webtalk_add_data -client sdk -key IsHandoff -value "true" -context "sdk\\\\hardware/1528647771353"
# webtalk_add_data -client sdk -key os -value "NA" -context "sdk\\\\hardware/1528647771353"
# webtalk_add_data -client sdk -key apptemplate -value "NA" -context "sdk\\\\hardware/1528647771353"
# webtalk_add_data -client sdk -key RecordType -value "HWCreation" -context "sdk\\\\hardware/1528647771353"
# webtalk_add_data -client sdk -key uid -value "1528647851017" -context "sdk\\\\bsp/1528647851017"
# webtalk_add_data -client sdk -key hwid -value "1528647771353" -context "sdk\\\\bsp/1528647851017"
# webtalk_add_data -client sdk -key os -value "standalone" -context "sdk\\\\bsp/1528647851017"
# webtalk_add_data -client sdk -key apptemplate -value "hello_world" -context "sdk\\\\bsp/1528647851017"
# webtalk_add_data -client sdk -key RecordType -value "BSPCreation" -context "sdk\\\\bsp/1528647851017"
# webtalk_add_data -client sdk -key uid -value "1528647857891" -context "sdk\\\\application/1528647857891"
# webtalk_add_data -client sdk -key hwid -value "1528647771353" -context "sdk\\\\application/1528647857891"
# webtalk_add_data -client sdk -key bspid -value "1528647851017" -context "sdk\\\\application/1528647857891"
# webtalk_add_data -client sdk -key newbsp -value "true" -context "sdk\\\\application/1528647857891"
# webtalk_add_data -client sdk -key os -value "standalone" -context "sdk\\\\application/1528647857891"
# webtalk_add_data -client sdk -key apptemplate -value "hello_world" -context "sdk\\\\application/1528647857891"
# webtalk_add_data -client sdk -key RecordType -value "APPCreation" -context "sdk\\\\application/1528647857891"
# webtalk_add_data -client sdk -key LangUsed -value "C" -context "sdk\\\\application/1528647857891"
# webtalk_add_data -client sdk -key Procused -value "ps7_cortexa9" -context "sdk\\\\application/1528647857891"
# webtalk_add_data -client sdk -key projSize -value "255.94140625" -context "sdk\\\\application/1528647857891"
# webtalk_add_data -client sdk -key uid -value "NA" -context "sdk\\\\bsp/1528730858937"
# webtalk_add_data -client sdk -key RecordType -value "ToolUsage" -context "sdk\\\\bsp/1528730858937"
# webtalk_add_data -client sdk -key BootgenCount -value "0" -context "sdk\\\\bsp/1528730858937"
# webtalk_add_data -client sdk -key DebugCount -value "22" -context "sdk\\\\bsp/1528730858937"
# webtalk_add_data -client sdk -key PerfCount -value "0" -context "sdk\\\\bsp/1528730858937"
# webtalk_add_data -client sdk -key FlashCount -value "0" -context "sdk\\\\bsp/1528730858937"
# webtalk_add_data -client sdk -key CrossTriggCount -value "0" -context "sdk\\\\bsp/1528730858937"
# webtalk_add_data -client sdk -key QemuDebugCount -value "0" -context "sdk\\\\bsp/1528730858937"
# webtalk_transmit -clientid 79077198 -regid "210779069_174157381_210671457_369" -xml D:\\Smartgit\\RTS-\\TestProject\\project_6\\project_6.sdk\\webtalk\\usage_statistics_ext_sdk.xml -html D:\\Smartgit\\RTS-\\TestProject\\project_6\\project_6.sdk\\webtalk\\usage_statistics_ext_sdk.html -wdm D:\\Smartgit\\RTS-\\TestProject\\project_6\\project_6.sdk\\webtalk\\sdk_webtalk.wdm -intro "<H3>SDK Usage Report</H3><BR>"
INFO: [Common 17-186] 'D:\Smartgit\RTS-\TestProject\project_6\project_6.sdk\webtalk\usage_statistics_ext_sdk.xml' has been successfully sent to Xilinx on Mon Jun 11 17:27:46 2018. For additional details about this file, please refer to the WebTalk help file at D:/Xilinx/SDK/2018.1/doc/webtalk_introduction.html.
# webtalk_terminate
INFO: [Common 17-206] Exiting Webtalk at Mon Jun 11 17:27:46 2018...
