
*** Running vivado
    with args -log design_1_auto_pc_2.vds -m64 -product Vivado -mode batch -messageDb vivado.pb -notrace -source design_1_auto_pc_2.tcl


****** Vivado v2018.1 (64-bit)
  **** SW Build 2188600 on Wed Apr  4 18:40:38 MDT 2018
  **** IP Build 2185939 on Wed Apr  4 20:55:05 MDT 2018
    ** Copyright 1986-2018 Xilinx, Inc. All Rights Reserved.

source design_1_auto_pc_2.tcl -notrace
Command: synth_design -top design_1_auto_pc_2 -part xc7z010clg400-1 -mode out_of_context
Starting synth_design
Attempting to get a license for feature 'Synthesis' and/or device 'xc7z010'
INFO: [Common 17-349] Got license for feature 'Synthesis' and/or device 'xc7z010'
INFO: Launching helper process for spawning children vivado processes
INFO: Helper process launched with PID 3196 
---------------------------------------------------------------------------------
Starting RTL Elaboration : Time (s): cpu = 00:00:09 ; elapsed = 00:00:11 . Memory (MB): peak = 453.629 ; gain = 104.777
---------------------------------------------------------------------------------
INFO: [Synth 8-6157] synthesizing module 'design_1_auto_pc_2' [d:/Smartgit/RTS-/TestProject/project_6/project_6.srcs/sources_1/bd/design_1/ip/design_1_auto_pc_2/synth/design_1_auto_pc_2.v:58]
INFO: [Synth 8-6157] synthesizing module 'axi_protocol_converter_v2_1_16_axi_protocol_converter' [d:/Smartgit/RTS-/TestProject/project_6/project_6.srcs/sources_1/bd/design_1/ipshared/1229/hdl/axi_protocol_converter_v2_1_vl_rfs.v:4811]
	Parameter C_FAMILY bound to: zynq - type: string 
	Parameter C_M_AXI_PROTOCOL bound to: 0 - type: integer 
	Parameter C_S_AXI_PROTOCOL bound to: 1 - type: integer 
	Parameter C_IGNORE_ID bound to: 0 - type: integer 
	Parameter C_AXI_ID_WIDTH bound to: 12 - type: integer 
	Parameter C_AXI_ADDR_WIDTH bound to: 32 - type: integer 
	Parameter C_AXI_DATA_WIDTH bound to: 32 - type: integer 
	Parameter C_AXI_SUPPORTS_WRITE bound to: 1 - type: integer 
	Parameter C_AXI_SUPPORTS_READ bound to: 1 - type: integer 
	Parameter C_AXI_SUPPORTS_USER_SIGNALS bound to: 0 - type: integer 
	Parameter C_AXI_AWUSER_WIDTH bound to: 1 - type: integer 
	Parameter C_AXI_ARUSER_WIDTH bound to: 1 - type: integer 
	Parameter C_AXI_WUSER_WIDTH bound to: 1 - type: integer 
	Parameter C_AXI_RUSER_WIDTH bound to: 1 - type: integer 
	Parameter C_AXI_BUSER_WIDTH bound to: 1 - type: integer 
	Parameter C_TRANSLATION_MODE bound to: 2 - type: integer 
	Parameter P_AXI4 bound to: 0 - type: integer 
	Parameter P_AXI3 bound to: 1 - type: integer 
	Parameter P_AXILITE bound to: 2 - type: integer 
	Parameter P_AXILITE_SIZE bound to: 3'b010 
	Parameter P_INCR bound to: 2'b01 
	Parameter P_DECERR bound to: 2'b11 
	Parameter P_SLVERR bound to: 2'b10 
	Parameter P_PROTECTION bound to: 1 - type: integer 
	Parameter P_CONVERSION bound to: 2 - type: integer 
INFO: [Synth 8-6155] done synthesizing module 'axi_protocol_converter_v2_1_16_axi_protocol_converter' (1#1) [d:/Smartgit/RTS-/TestProject/project_6/project_6.srcs/sources_1/bd/design_1/ipshared/1229/hdl/axi_protocol_converter_v2_1_vl_rfs.v:4811]
INFO: [Synth 8-6155] done synthesizing module 'design_1_auto_pc_2' (2#1) [d:/Smartgit/RTS-/TestProject/project_6/project_6.srcs/sources_1/bd/design_1/ip/design_1_auto_pc_2/synth/design_1_auto_pc_2.v:58]
WARNING: [Synth 8-3331] design axi_protocol_converter_v2_1_16_axi_protocol_converter has unconnected port aclk
WARNING: [Synth 8-3331] design axi_protocol_converter_v2_1_16_axi_protocol_converter has unconnected port aresetn
WARNING: [Synth 8-3331] design axi_protocol_converter_v2_1_16_axi_protocol_converter has unconnected port s_axi_awlock[1]
WARNING: [Synth 8-3331] design axi_protocol_converter_v2_1_16_axi_protocol_converter has unconnected port s_axi_awregion[3]
WARNING: [Synth 8-3331] design axi_protocol_converter_v2_1_16_axi_protocol_converter has unconnected port s_axi_awregion[2]
WARNING: [Synth 8-3331] design axi_protocol_converter_v2_1_16_axi_protocol_converter has unconnected port s_axi_awregion[1]
WARNING: [Synth 8-3331] design axi_protocol_converter_v2_1_16_axi_protocol_converter has unconnected port s_axi_awregion[0]
WARNING: [Synth 8-3331] design axi_protocol_converter_v2_1_16_axi_protocol_converter has unconnected port s_axi_wid[11]
WARNING: [Synth 8-3331] design axi_protocol_converter_v2_1_16_axi_protocol_converter has unconnected port s_axi_wid[10]
WARNING: [Synth 8-3331] design axi_protocol_converter_v2_1_16_axi_protocol_converter has unconnected port s_axi_wid[9]
WARNING: [Synth 8-3331] design axi_protocol_converter_v2_1_16_axi_protocol_converter has unconnected port s_axi_wid[8]
WARNING: [Synth 8-3331] design axi_protocol_converter_v2_1_16_axi_protocol_converter has unconnected port s_axi_wid[7]
WARNING: [Synth 8-3331] design axi_protocol_converter_v2_1_16_axi_protocol_converter has unconnected port s_axi_wid[6]
WARNING: [Synth 8-3331] design axi_protocol_converter_v2_1_16_axi_protocol_converter has unconnected port s_axi_wid[5]
WARNING: [Synth 8-3331] design axi_protocol_converter_v2_1_16_axi_protocol_converter has unconnected port s_axi_wid[4]
WARNING: [Synth 8-3331] design axi_protocol_converter_v2_1_16_axi_protocol_converter has unconnected port s_axi_wid[3]
WARNING: [Synth 8-3331] design axi_protocol_converter_v2_1_16_axi_protocol_converter has unconnected port s_axi_wid[2]
WARNING: [Synth 8-3331] design axi_protocol_converter_v2_1_16_axi_protocol_converter has unconnected port s_axi_wid[1]
WARNING: [Synth 8-3331] design axi_protocol_converter_v2_1_16_axi_protocol_converter has unconnected port s_axi_wid[0]
WARNING: [Synth 8-3331] design axi_protocol_converter_v2_1_16_axi_protocol_converter has unconnected port s_axi_arlock[1]
WARNING: [Synth 8-3331] design axi_protocol_converter_v2_1_16_axi_protocol_converter has unconnected port s_axi_arregion[3]
WARNING: [Synth 8-3331] design axi_protocol_converter_v2_1_16_axi_protocol_converter has unconnected port s_axi_arregion[2]
WARNING: [Synth 8-3331] design axi_protocol_converter_v2_1_16_axi_protocol_converter has unconnected port s_axi_arregion[1]
WARNING: [Synth 8-3331] design axi_protocol_converter_v2_1_16_axi_protocol_converter has unconnected port s_axi_arregion[0]
---------------------------------------------------------------------------------
Finished RTL Elaboration : Time (s): cpu = 00:00:41 ; elapsed = 00:00:50 . Memory (MB): peak = 606.895 ; gain = 258.043
---------------------------------------------------------------------------------

Report Check Netlist: 
+------+------------------+-------+---------+-------+------------------+
|      |Item              |Errors |Warnings |Status |Description       |
+------+------------------+-------+---------+-------+------------------+
|1     |multi_driven_nets |      0|        0|Passed |Multi driven nets |
+------+------------------+-------+---------+-------+------------------+
---------------------------------------------------------------------------------
Start Handling Custom Attributes
---------------------------------------------------------------------------------
---------------------------------------------------------------------------------
Finished Handling Custom Attributes : Time (s): cpu = 00:00:41 ; elapsed = 00:00:50 . Memory (MB): peak = 606.895 ; gain = 258.043
---------------------------------------------------------------------------------
---------------------------------------------------------------------------------
Finished RTL Optimization Phase 1 : Time (s): cpu = 00:00:41 ; elapsed = 00:00:50 . Memory (MB): peak = 606.895 ; gain = 258.043
---------------------------------------------------------------------------------
INFO: [Device 21-403] Loading part xc7z010clg400-1
INFO: [Project 1-570] Preparing netlist for logic optimization

Processing XDC Constraints
Initializing timing engine
WARNING: [Designutils 20-1758] instance inst wraps a black box. Constraint reading is skipped for elaborated designs in this case. Skipping constraint file 'd:/Smartgit/RTS-/TestProject/project_6/project_6.srcs/sources_1/bd/design_1/ip/design_1_auto_pc_2/design_1_auto_pc_2_ooc.xdc'.
Parsing XDC File [D:/Smartgit/RTS-/TestProject/project_6/project_6.runs/design_1_auto_pc_2_synth_1/dont_touch.xdc]
Finished Parsing XDC File [D:/Smartgit/RTS-/TestProject/project_6/project_6.runs/design_1_auto_pc_2_synth_1/dont_touch.xdc]
Completed Processing XDC Constraints

INFO: [Project 1-111] Unisim Transformation Summary:
No Unisim elements were transformed.

Constraint Validation Runtime : Time (s): cpu = 00:00:00 ; elapsed = 00:00:00.045 . Memory (MB): peak = 741.449 ; gain = 0.004
---------------------------------------------------------------------------------
Finished Constraint Validation : Time (s): cpu = 00:00:53 ; elapsed = 00:01:06 . Memory (MB): peak = 741.449 ; gain = 392.598
---------------------------------------------------------------------------------
---------------------------------------------------------------------------------
Start Loading Part and Timing Information
---------------------------------------------------------------------------------
Loading part: xc7z010clg400-1
---------------------------------------------------------------------------------
Finished Loading Part and Timing Information : Time (s): cpu = 00:00:53 ; elapsed = 00:01:06 . Memory (MB): peak = 741.449 ; gain = 392.598
---------------------------------------------------------------------------------
---------------------------------------------------------------------------------
Start Applying 'set_property' XDC Constraints
---------------------------------------------------------------------------------
Applied set_property DONT_TOUCH = true for inst. (constraint file  D:/Smartgit/RTS-/TestProject/project_6/project_6.runs/design_1_auto_pc_2_synth_1/dont_touch.xdc, line 9).
---------------------------------------------------------------------------------
Finished applying 'set_property' XDC Constraints : Time (s): cpu = 00:00:53 ; elapsed = 00:01:06 . Memory (MB): peak = 741.449 ; gain = 392.598
---------------------------------------------------------------------------------
---------------------------------------------------------------------------------
Finished RTL Optimization Phase 2 : Time (s): cpu = 00:00:53 ; elapsed = 00:01:06 . Memory (MB): peak = 741.449 ; gain = 392.598
---------------------------------------------------------------------------------

Report RTL Partitions: 
+-+--------------+------------+----------+
| |RTL Partition |Replication |Instances |
+-+--------------+------------+----------+
+-+--------------+------------+----------+
---------------------------------------------------------------------------------
Start RTL Component Statistics 
---------------------------------------------------------------------------------
Detailed RTL Component Info : 
---------------------------------------------------------------------------------
Finished RTL Component Statistics 
---------------------------------------------------------------------------------
---------------------------------------------------------------------------------
Start RTL Hierarchical Component Statistics 
---------------------------------------------------------------------------------
Hierarchical RTL Component report 
---------------------------------------------------------------------------------
Finished RTL Hierarchical Component Statistics
---------------------------------------------------------------------------------
---------------------------------------------------------------------------------
Start Part Resource Summary
---------------------------------------------------------------------------------
Part Resources:
DSPs: 80 (col length:40)
BRAMs: 120 (col length: RAMB18 40 RAMB36 20)
---------------------------------------------------------------------------------
Finished Part Resource Summary
---------------------------------------------------------------------------------
---------------------------------------------------------------------------------
Start Cross Boundary and Area Optimization
---------------------------------------------------------------------------------
Warning: Parallel synthesis criteria is not met 
WARNING: [Synth 8-3331] design axi_protocol_converter_v2_1_16_axi_protocol_converter has unconnected port aclk
WARNING: [Synth 8-3331] design axi_protocol_converter_v2_1_16_axi_protocol_converter has unconnected port aresetn
WARNING: [Synth 8-3331] design axi_protocol_converter_v2_1_16_axi_protocol_converter has unconnected port s_axi_awlock[1]
WARNING: [Synth 8-3331] design axi_protocol_converter_v2_1_16_axi_protocol_converter has unconnected port s_axi_awregion[3]
WARNING: [Synth 8-3331] design axi_protocol_converter_v2_1_16_axi_protocol_converter has unconnected port s_axi_awregion[2]
WARNING: [Synth 8-3331] design axi_protocol_converter_v2_1_16_axi_protocol_converter has unconnected port s_axi_awregion[1]
WARNING: [Synth 8-3331] design axi_protocol_converter_v2_1_16_axi_protocol_converter has unconnected port s_axi_awregion[0]
WARNING: [Synth 8-3331] design axi_protocol_converter_v2_1_16_axi_protocol_converter has unconnected port s_axi_wid[11]
WARNING: [Synth 8-3331] design axi_protocol_converter_v2_1_16_axi_protocol_converter has unconnected port s_axi_wid[10]
WARNING: [Synth 8-3331] design axi_protocol_converter_v2_1_16_axi_protocol_converter has unconnected port s_axi_wid[9]
WARNING: [Synth 8-3331] design axi_protocol_converter_v2_1_16_axi_protocol_converter has unconnected port s_axi_wid[8]
WARNING: [Synth 8-3331] design axi_protocol_converter_v2_1_16_axi_protocol_converter has unconnected port s_axi_wid[7]
WARNING: [Synth 8-3331] design axi_protocol_converter_v2_1_16_axi_protocol_converter has unconnected port s_axi_wid[6]
WARNING: [Synth 8-3331] design axi_protocol_converter_v2_1_16_axi_protocol_converter has unconnected port s_axi_wid[5]
WARNING: [Synth 8-3331] design axi_protocol_converter_v2_1_16_axi_protocol_converter has unconnected port s_axi_wid[4]
WARNING: [Synth 8-3331] design axi_protocol_converter_v2_1_16_axi_protocol_converter has unconnected port s_axi_wid[3]
WARNING: [Synth 8-3331] design axi_protocol_converter_v2_1_16_axi_protocol_converter has unconnected port s_axi_wid[2]
WARNING: [Synth 8-3331] design axi_protocol_converter_v2_1_16_axi_protocol_converter has unconnected port s_axi_wid[1]
WARNING: [Synth 8-3331] design axi_protocol_converter_v2_1_16_axi_protocol_converter has unconnected port s_axi_wid[0]
WARNING: [Synth 8-3331] design axi_protocol_converter_v2_1_16_axi_protocol_converter has unconnected port s_axi_arlock[1]
WARNING: [Synth 8-3331] design axi_protocol_converter_v2_1_16_axi_protocol_converter has unconnected port s_axi_arregion[3]
WARNING: [Synth 8-3331] design axi_protocol_converter_v2_1_16_axi_protocol_converter has unconnected port s_axi_arregion[2]
WARNING: [Synth 8-3331] design axi_protocol_converter_v2_1_16_axi_protocol_converter has unconnected port s_axi_arregion[1]
WARNING: [Synth 8-3331] design axi_protocol_converter_v2_1_16_axi_protocol_converter has unconnected port s_axi_arregion[0]
---------------------------------------------------------------------------------
Finished Cross Boundary and Area Optimization : Time (s): cpu = 00:00:54 ; elapsed = 00:01:07 . Memory (MB): peak = 741.449 ; gain = 392.598
---------------------------------------------------------------------------------

Report RTL Partitions: 
+-+--------------+------------+----------+
| |RTL Partition |Replication |Instances |
+-+--------------+------------+----------+
+-+--------------+------------+----------+
---------------------------------------------------------------------------------
Start Applying XDC Timing Constraints
---------------------------------------------------------------------------------
---------------------------------------------------------------------------------
Finished Applying XDC Timing Constraints : Time (s): cpu = 00:01:03 ; elapsed = 00:01:19 . Memory (MB): peak = 805.824 ; gain = 456.973
---------------------------------------------------------------------------------
---------------------------------------------------------------------------------
Start Timing Optimization
---------------------------------------------------------------------------------
---------------------------------------------------------------------------------
Finished Timing Optimization : Time (s): cpu = 00:01:03 ; elapsed = 00:01:19 . Memory (MB): peak = 805.898 ; gain = 457.047
---------------------------------------------------------------------------------

Report RTL Partitions: 
+-+--------------+------------+----------+
| |RTL Partition |Replication |Instances |
+-+--------------+------------+----------+
+-+--------------+------------+----------+
---------------------------------------------------------------------------------
Start Technology Mapping
---------------------------------------------------------------------------------
---------------------------------------------------------------------------------
Finished Technology Mapping : Time (s): cpu = 00:01:04 ; elapsed = 00:01:19 . Memory (MB): peak = 806.199 ; gain = 457.348
---------------------------------------------------------------------------------

Report RTL Partitions: 
+-+--------------+------------+----------+
| |RTL Partition |Replication |Instances |
+-+--------------+------------+----------+
+-+--------------+------------+----------+
---------------------------------------------------------------------------------
Start IO Insertion
---------------------------------------------------------------------------------
---------------------------------------------------------------------------------
Start Flattening Before IO Insertion
---------------------------------------------------------------------------------
---------------------------------------------------------------------------------
Finished Flattening Before IO Insertion
---------------------------------------------------------------------------------
---------------------------------------------------------------------------------
Start Final Netlist Cleanup
---------------------------------------------------------------------------------
---------------------------------------------------------------------------------
Finished Final Netlist Cleanup
---------------------------------------------------------------------------------
---------------------------------------------------------------------------------
Finished IO Insertion : Time (s): cpu = 00:01:05 ; elapsed = 00:01:21 . Memory (MB): peak = 807.137 ; gain = 458.285
---------------------------------------------------------------------------------

Report Check Netlist: 
+------+------------------+-------+---------+-------+------------------+
|      |Item              |Errors |Warnings |Status |Description       |
+------+------------------+-------+---------+-------+------------------+
|1     |multi_driven_nets |      0|        0|Passed |Multi driven nets |
+------+------------------+-------+---------+-------+------------------+
---------------------------------------------------------------------------------
Start Renaming Generated Instances
---------------------------------------------------------------------------------
---------------------------------------------------------------------------------
Finished Renaming Generated Instances : Time (s): cpu = 00:01:05 ; elapsed = 00:01:21 . Memory (MB): peak = 807.137 ; gain = 458.285
---------------------------------------------------------------------------------

Report RTL Partitions: 
+-+--------------+------------+----------+
| |RTL Partition |Replication |Instances |
+-+--------------+------------+----------+
+-+--------------+------------+----------+
---------------------------------------------------------------------------------
Start Rebuilding User Hierarchy
---------------------------------------------------------------------------------
---------------------------------------------------------------------------------
Finished Rebuilding User Hierarchy : Time (s): cpu = 00:01:05 ; elapsed = 00:01:21 . Memory (MB): peak = 807.137 ; gain = 458.285
---------------------------------------------------------------------------------
---------------------------------------------------------------------------------
Start Renaming Generated Ports
---------------------------------------------------------------------------------
---------------------------------------------------------------------------------
Finished Renaming Generated Ports : Time (s): cpu = 00:01:05 ; elapsed = 00:01:21 . Memory (MB): peak = 807.137 ; gain = 458.285
---------------------------------------------------------------------------------
---------------------------------------------------------------------------------
Start Handling Custom Attributes
---------------------------------------------------------------------------------
---------------------------------------------------------------------------------
Finished Handling Custom Attributes : Time (s): cpu = 00:01:05 ; elapsed = 00:01:21 . Memory (MB): peak = 807.137 ; gain = 458.285
---------------------------------------------------------------------------------
---------------------------------------------------------------------------------
Start Renaming Generated Nets
---------------------------------------------------------------------------------
---------------------------------------------------------------------------------
Finished Renaming Generated Nets : Time (s): cpu = 00:01:06 ; elapsed = 00:01:21 . Memory (MB): peak = 807.137 ; gain = 458.285
---------------------------------------------------------------------------------
---------------------------------------------------------------------------------
Start Writing Synthesis Report
---------------------------------------------------------------------------------

Report BlackBoxes: 
+-+--------------+----------+
| |BlackBox name |Instances |
+-+--------------+----------+
+-+--------------+----------+

Report Cell Usage: 
+-+-----+------+
| |Cell |Count |
+-+-----+------+
+-+-----+------+

Report Instance Areas: 
+------+---------+------------------------------------------------------+------+
|      |Instance |Module                                                |Cells |
+------+---------+------------------------------------------------------+------+
|1     |top      |                                                      |     0|
|2     |  inst   |axi_protocol_converter_v2_1_16_axi_protocol_converter |     0|
+------+---------+------------------------------------------------------+------+
---------------------------------------------------------------------------------
Finished Writing Synthesis Report : Time (s): cpu = 00:01:06 ; elapsed = 00:01:21 . Memory (MB): peak = 807.137 ; gain = 458.285
---------------------------------------------------------------------------------
Synthesis finished with 0 errors, 0 critical warnings and 24 warnings.
Synthesis Optimization Runtime : Time (s): cpu = 00:00:18 ; elapsed = 00:01:11 . Memory (MB): peak = 807.137 ; gain = 323.730
Synthesis Optimization Complete : Time (s): cpu = 00:01:06 ; elapsed = 00:01:21 . Memory (MB): peak = 807.137 ; gain = 458.285
INFO: [Project 1-571] Translating synthesized netlist
INFO: [Project 1-570] Preparing netlist for logic optimization
INFO: [Opt 31-138] Pushed 0 inverter(s) to 0 load pin(s).
INFO: [Project 1-111] Unisim Transformation Summary:
No Unisim elements were transformed.

INFO: [Common 17-83] Releasing license: Synthesis
13 Infos, 49 Warnings, 0 Critical Warnings and 0 Errors encountered.
synth_design completed successfully
synth_design: Time (s): cpu = 00:01:08 ; elapsed = 00:01:23 . Memory (MB): peak = 835.566 ; gain = 498.188
INFO: [Common 17-1381] The checkpoint 'D:/Smartgit/RTS-/TestProject/project_6/project_6.runs/design_1_auto_pc_2_synth_1/design_1_auto_pc_2.dcp' has been generated.
